<?xml version="1.0" encoding="UTF-8"?><testsuite errors="1" failures="0" name="Envío de formulario de contacto" skipped="0" tests="3" time="101.48" timestamp="2025-10-27 08:38:58"><testcase name="Envío exitoso de formulario de contacto con archivo adjunto"/><testcase name="Envío exitoso de formulario de contacto sin archivo adjunto"/><testcase name="Error de envio de formulario de contacto sin correo"><error message="element click intercepted: Element &lt;select id=&quot;id_contact&quot; class=&quot;form-control&quot; name=&quot;id_contact&quot;&gt;...&lt;/select&gt; is not clickable at point (244, 276). Other element would receive the click: &lt;input class=&quot;form-control grey validate&quot; type=&quot;text&quot; id=&quot;email&quot; name=&quot;from&quot; data-validate=&quot;isEmail&quot; value=&quot;&quot;&gt;&#10;  (Session info: chrome=141.0.7390.123)&#10;Build info: version: '3.141.59', revision: 'e82be7d358', time: '2018-11-14T08:17:03'&#10;System info: host: 'DESKTOP-JSUJJF1', ip: '10.1.212.66', os.name: 'Windows 10', os.arch: 'amd64', os.version: '10.0', java.version: '15.0.2'&#10;Driver info: org.openqa.selenium.chrome.ChromeDriver&#10;Capabilities {acceptInsecureCerts: false, browserName: chrome, browserVersion: 141.0.7390.123, chrome: {chromedriverVersion: 141.0.7390.122 (b477534e7e1..., userDataDir: C:\Users\Yon Piter\AppData\...}, fedcm:accounts: true, goog:chromeOptions: {debuggerAddress: localhost:64911}, javascriptEnabled: true, networkConnectionEnabled: false, pageLoadStrategy: normal, platform: WINDOWS, platformName: WINDOWS, proxy: Proxy(), setWindowRect: true, strictFileInteractability: false, timeouts: {implicit: 0, pageLoad: 300000, script: 30000}, unhandledPromptBehavior: ignore, webauthn:extension:credBlob: true, webauthn:extension:largeBlob: true, webauthn:extension:minPinLength: true, webauthn:extension:prf: true, webauthn:virtualAuthenticators: true}&#10;Session ID: 60facc5b94df32d3c8b1301888423edc" type="org.openqa.selenium.ElementClickInterceptedException">element click intercepted: Element &lt;select id="id_contact" class="form-control" name="id_contact"&gt;...&lt;/select&gt; is not clickable at point (244, 276). Other element would receive the click: &lt;input class="form-control grey validate" type="text" id="email" name="from" data-validate="isEmail" value=""&gt;
  (Session info: chrome=141.0.7390.123)
Build info: version: '3.141.59', revision: 'e82be7d358', time: '2018-11-14T08:17:03'
System info: host: 'DESKTOP-JSUJJF1', ip: '10.1.212.66', os.name: 'Windows 10', os.arch: 'amd64', os.version: '10.0', java.version: '15.0.2'
Driver info: org.openqa.selenium.chrome.ChromeDriver
Capabilities {acceptInsecureCerts: false, browserName: chrome, browserVersion: 141.0.7390.123, chrome: {chromedriverVersion: 141.0.7390.122 (b477534e7e1..., userDataDir: C:\Users\Yon Piter\AppData\...}, fedcm:accounts: true, goog:chromeOptions: {debuggerAddress: localhost:64911}, javascriptEnabled: true, networkConnectionEnabled: false, pageLoadStrategy: normal, platform: WINDOWS, platformName: WINDOWS, proxy: Proxy(), setWindowRect: true, strictFileInteractability: false, timeouts: {implicit: 0, pageLoad: 300000, script: 30000}, unhandledPromptBehavior: ignore, webauthn:extension:credBlob: true, webauthn:extension:largeBlob: true, webauthn:extension:minPinLength: true, webauthn:extension:prf: true, webauthn:virtualAuthenticators: true}
Session ID: 60facc5b94df32d3c8b1301888423edc</error><system-err>element click intercepted: Element &lt;select id="id_contact" class="form-control" name="id_contact"&gt;...&lt;/select&gt; is not clickable at point (244, 276). Other element would receive the click: &lt;input class="form-control grey validate" type="text" id="email" name="from" data-validate="isEmail" value=""&gt;
  (Session info: chrome=141.0.7390.123)
Build info: version: '3.141.59', revision: 'e82be7d358', time: '2018-11-14T08:17:03'
System info: host: 'DESKTOP-JSUJJF1', ip: '10.1.212.66', os.name: 'Windows 10', os.arch: 'amd64', os.version: '10.0', java.version: '15.0.2'
Driver info: org.openqa.selenium.chrome.ChromeDriver
Capabilities {acceptInsecureCerts: false, browserName: chrome, browserVersion: 141.0.7390.123, chrome: {chromedriverVersion: 141.0.7390.122 (b477534e7e1..., userDataDir: C:\Users\Yon Piter\AppData\...}, fedcm:accounts: true, goog:chromeOptions: {debuggerAddress: localhost:64911}, javascriptEnabled: true, networkConnectionEnabled: false, pageLoadStrategy: normal, platform: WINDOWS, platformName: WINDOWS, proxy: Proxy(), setWindowRect: true, strictFileInteractability: false, timeouts: {implicit: 0, pageLoad: 300000, script: 30000}, unhandledPromptBehavior: ignore, webauthn:extension:credBlob: true, webauthn:extension:largeBlob: true, webauthn:extension:minPinLength: true, webauthn:extension:prf: true, webauthn:virtualAuthenticators: true}
Session ID: 60facc5b94df32d3c8b1301888423edc&#13;
co.com.AutoPractice.tasks.Proceso.performAs(Proceso.java:36)&#13;
co.com.AutoPractice.stepsdefinitions.PreparacionEscenario.completeLosCamposDelFormulario(PreparacionEscenario.java:36)&#13;
cucumber.runner.Runner.runPickle(Runner.java:80)&#13;
worker.org.gradle.process.internal.worker.GradleWorkerMain.run(GradleWorkerMain.java:69)&#13;
worker.org.gradle.process.internal.worker.GradleWorkerMain.main(GradleWorkerMain.java:74)&#13;
</system-err></testcase></testsuite>